#
# There is insufficient memory for the Java Runtime Environment to continue.
# Native memory allocation (malloc) failed to allocate 1651376 bytes. Error detail: Chunk::new
# Possible reasons:
#   The system is out of physical RAM or swap space
#   This process is running with CompressedOops enabled, and the Java Heap may be blocking the growth of the native heap
# Possible solutions:
#   Reduce memory load on the system
#   Increase physical memory or swap space
#   Check if swap backing store is full
#   Decrease Java heap size (-Xmx/-Xms)
#   Decrease number of Java threads
#   Decrease Java thread stack sizes (-Xss)
#   Set larger code cache with -XX:ReservedCodeCacheSize=
#   JVM is running with Unscaled Compressed Oops mode in which the Java heap is
#     placed in the first 4GB address space. The Java Heap base address is the
#     maximum limit for the native heap growth. Please use -XX:HeapBaseMinAddress
#     to set the Java Heap base and to place the Java Heap above 4GB virtual address.
# This output file may be truncated or incomplete.
#
#  Out of Memory Error (arena.cpp:149), pid=7612, tid=13608
#
# JRE version: OpenJDK Runtime Environment (23.0.2+7) (build 23.0.2+7-58)
# Java VM: OpenJDK 64-Bit Server VM (23.0.2+7-58, mixed mode, sharing, tiered, compressed oops, compressed class ptrs, g1 gc, windows-amd64)
# No core dump will be written. Minidumps are not enabled by default on client versions of Windows
#

---------------  S U M M A R Y ------------

Command Line: -javaagent:C:\Program Files\JetBrains\IntelliJ IDEA 2024.3.2.2\lib\idea_rt.jar=54478:C:\Program Files\JetBrains\IntelliJ IDEA 2024.3.2.2\bin -Dfile.encoding=UTF-8 -Dsun.stdout.encoding=UTF-8 -Dsun.stderr.encoding=UTF-8 --module-path=C:\Users\Admin\.m2\repository\org\openjfx\javafx-graphics\17.0.6\javafx-graphics-17.0.6-win.jar;C:\Users\Admin\.m2\repository\org\openjfx\javafx-base\17.0.6\javafx-base-17.0.6-win.jar;C:\Users\Admin\.m2\repository\org\openjfx\javafx-fxml\17.0.6\javafx-fxml-17.0.6-win.jar;D:\Programacion 1\ProyectoFX\target\classes;C:\Users\Admin\.m2\repository\org\openjfx\javafx-controls\17.0.6\javafx-controls-17.0.6-win.jar -Djdk.module.main=org.example.proyectofx org.example.proyectofx/org.example.proyectofx.App

Host: Intel(R) Pentium(R) Silver N5000 CPU @ 1.10GHz, 4 cores, 7G,  Windows 11 , 64 bit Build 26100 (10.0.26100.3912)
Time: Sun May 25 23:53:39 2025 Hora est. Pacífico, Sudamérica elapsed time: 4.666126 seconds (0d 0h 0m 4s)

---------------  T H R E A D  ---------------

Current thread (0x00000243466f1c30):  JavaThread "C2 CompilerThread1" daemon [_thread_in_native, id=13608, stack(0x0000005c2d000000,0x0000005c2d100000) (1024K)]


Current CompileTask:
C2:4666 2366       4       java.lang.invoke.MethodType::methodType (69 bytes)

Stack: [0x0000005c2d000000,0x0000005c2d100000]
Native frames: (J=compiled Java code, j=interpreted, Vv=VM code, C=native code)
V  [jvm.dll+0x6e0b99]  (no source info available)
V  [jvm.dll+0x87e2b3]  (no source info available)
V  [jvm.dll+0x88073e]  (no source info available)
V  [jvm.dll+0x880e13]  (no source info available)
V  [jvm.dll+0x27b006]  (no source info available)
V  [jvm.dll+0xbc06f]  (no source info available)
V  [jvm.dll+0xbc2cb]  (no source info available)
V  [jvm.dll+0x3b3c22]  (no source info available)
V  [jvm.dll+0x38a55b]  (no source info available)
V  [jvm.dll+0x3899ca]  (no source info available)
V  [jvm.dll+0x244ba1]  (no source info available)
V  [jvm.dll+0x243eff]  (no source info available)
V  [jvm.dll+0x1c34b0]  (no source info available)
V  [jvm.dll+0x253df1]  (no source info available)
V  [jvm.dll+0x2520aa]  (no source info available)
V  [jvm.dll+0x3ee226]  (no source info available)
V  [jvm.dll+0x8254cb]  (no source info available)
V  [jvm.dll+0x6df345]  (no source info available)
C  [ucrtbase.dll+0x37b0]  (no source info available)
C  [KERNEL32.DLL+0x2e8d7]  (no source info available)
C  [ntdll.dll+0x9c5dc]  (no source info available)

Lock stack of current Java thread (top to bottom):


---------------  P R O C E S S  ---------------

Threads class SMR info:
_java_thread_list=0x0000024346b73280, length=24, elements={
0x000002435e753cc0, 0x000002437cf854e0, 0x000002437cf86ab0, 0x000002437cf8afe0,
0x000002437cf8ba40, 0x000002437cf8e0c0, 0x000002437cf93730, 0x000002437cf967c0,
0x000002437cfa3e20, 0x00000243450c9310, 0x00000243457bb360, 0x000002434573d860,
0x00000243462777c0, 0x0000024345e996b0, 0x00000243461a34a0, 0x0000024345e91d70,
0x0000024345b641b0, 0x0000024345e35bb0, 0x0000024345e36220, 0x0000024345908180,
0x0000024345907af0, 0x0000024345906dd0, 0x00000243466f1c30, 0x0000024345909530
}

Java Threads: ( => current thread )
  0x000002435e753cc0 JavaThread "main"                              [_thread_blocked, id=9744, stack(0x0000005c2ad00000,0x0000005c2ae00000) (1024K)]
  0x000002437cf854e0 JavaThread "Reference Handler"          daemon [_thread_blocked, id=9288, stack(0x0000005c2b500000,0x0000005c2b600000) (1024K)]
  0x000002437cf86ab0 JavaThread "Finalizer"                  daemon [_thread_blocked, id=13956, stack(0x0000005c2b600000,0x0000005c2b700000) (1024K)]
  0x000002437cf8afe0 JavaThread "Signal Dispatcher"          daemon [_thread_blocked, id=5488, stack(0x0000005c2b700000,0x0000005c2b800000) (1024K)]
  0x000002437cf8ba40 JavaThread "Attach Listener"            daemon [_thread_blocked, id=276, stack(0x0000005c2b800000,0x0000005c2b900000) (1024K)]
  0x000002437cf8e0c0 JavaThread "Service Thread"             daemon [_thread_blocked, id=14212, stack(0x0000005c2b900000,0x0000005c2ba00000) (1024K)]
  0x000002437cf93730 JavaThread "Monitor Deflation Thread"   daemon [_thread_blocked, id=3192, stack(0x0000005c2ba00000,0x0000005c2bb00000) (1024K)]
  0x000002437cf967c0 JavaThread "C2 CompilerThread0"         daemon [_thread_blocked, id=10300, stack(0x0000005c2bb00000,0x0000005c2bc00000) (1024K)]
  0x000002437cfa3e20 JavaThread "C1 CompilerThread0"         daemon [_thread_blocked, id=11232, stack(0x0000005c2bc00000,0x0000005c2bd00000) (1024K)]
  0x00000243450c9310 JavaThread "Common-Cleaner"             daemon [_thread_blocked, id=14328, stack(0x0000005c2bd00000,0x0000005c2be00000) (1024K)]
  0x00000243457bb360 JavaThread "Monitor Ctrl-Break"         daemon [_thread_in_native, id=10804, stack(0x0000005c2bf00000,0x0000005c2c000000) (1024K)]
  0x000002434573d860 JavaThread "Notification Thread"        daemon [_thread_blocked, id=4596, stack(0x0000005c2c000000,0x0000005c2c100000) (1024K)]
  0x00000243462777c0 JavaThread "QuantumRenderer-0"          daemon [_thread_in_native, id=14216, stack(0x0000005c2c400000,0x0000005c2c500000) (1024K)]
  0x0000024345e996b0 JavaThread "RMI TCP Accept-0"           daemon [_thread_in_native, id=920, stack(0x0000005c2c500000,0x0000005c2c600000) (1024K)]
  0x00000243461a34a0 JavaThread "RMI TCP Connection(1)-192.168.1.2" daemon [_thread_in_native, id=10836, stack(0x0000005c2c600000,0x0000005c2c700000) (1024K)]
  0x0000024345e91d70 JavaThread "RMI Scheduler(0)"           daemon [_thread_blocked, id=2488, stack(0x0000005c2c700000,0x0000005c2c800000) (1024K)]
  0x0000024345b641b0 JavaThread "JMX server connection timeout 29" daemon [_thread_blocked, id=7960, stack(0x0000005c2c800000,0x0000005c2c900000) (1024K)]
  0x0000024345e35bb0 JavaThread "InvokeLaterDispatcher"      daemon [_thread_blocked, id=11572, stack(0x0000005c2c900000,0x0000005c2ca00000) (1024K)]
  0x0000024345e36220 JavaThread "JavaFX Application Thread"         [_thread_in_native, id=12352, stack(0x0000005c2ca00000,0x0000005c2cb00000) (1024K)]
  0x0000024345908180 JavaThread "Thread-1"                   daemon [_thread_in_native, id=6608, stack(0x0000005c2ce00000,0x0000005c2cf00000) (1024K)]
  0x0000024345907af0 JavaThread "JavaFX-Launcher"                   [_thread_blocked, id=3128, stack(0x0000005c2cf00000,0x0000005c2d000000) (1024K)]
  0x0000024345906dd0 JavaThread "Prism Font Disposer"        daemon [_thread_blocked, id=6476, stack(0x0000005c2d100000,0x0000005c2d200000) (1024K)]
=>0x00000243466f1c30 JavaThread "C2 CompilerThread1"         daemon [_thread_in_native, id=13608, stack(0x0000005c2d000000,0x0000005c2d100000) (1024K)]
  0x0000024345909530 JavaThread "Cleaner-0"                  daemon [_thread_blocked, id=8328, stack(0x0000005c2d400000,0x0000005c2d500000) (1024K)]
Total: 24

Other Threads:
  0x000002437cf69100 VMThread "VM Thread"                           [id=10296, stack(0x0000005c2b400000,0x0000005c2b500000) (1024K)]
  0x000002437cf542c0 WatcherThread "VM Periodic Task Thread"        [id=10864, stack(0x0000005c2b300000,0x0000005c2b400000) (1024K)]
  0x0000024360ba1a30 WorkerThread "GC Thread#0"                     [id=14112, stack(0x0000005c2ae00000,0x0000005c2af00000) (1024K)]
  0x0000024345f7c720 WorkerThread "GC Thread#1"                     [id=4884, stack(0x0000005c2c100000,0x0000005c2c200000) (1024K)]
  0x0000024345f7cad0 WorkerThread "GC Thread#2"                     [id=12916, stack(0x0000005c2c200000,0x0000005c2c300000) (1024K)]
  0x0000024345a38e90 WorkerThread "GC Thread#3"                     [id=13432, stack(0x0000005c2c300000,0x0000005c2c400000) (1024K)]
  0x000002435e81de40 ConcurrentGCThread "G1 Main Marker"            [id=9620, stack(0x0000005c2af00000,0x0000005c2b000000) (1024K)]
  0x000002435e81e950 WorkerThread "G1 Conc#0"                       [id=7268, stack(0x0000005c2b000000,0x0000005c2b100000) (1024K)]
  0x0000024360c0dc70 ConcurrentGCThread "G1 Refine#0"               [id=12528, stack(0x0000005c2b100000,0x0000005c2b200000) (1024K)]
  0x0000024360c0e690 ConcurrentGCThread "G1 Service"                [id=11904, stack(0x0000005c2b200000,0x0000005c2b300000) (1024K)]
Total: 10

Threads with active compile tasks:
C2 CompilerThread1  4933 2366       4       java.lang.invoke.MethodType::methodType (69 bytes)
Total: 1

VM state: not at safepoint (normal execution)

VM Mutex/Monitor currently owned by a thread: None

Heap address: 0x0000000082c00000, size: 2004 MB, Compressed Oops mode: 32-bit

CDS archive(s) mapped at: [0x0000024300000000-0x0000024300d70000-0x0000024300d70000), size 14090240, SharedBaseAddress: 0x0000024300000000, ArchiveRelocationMode: 1.
Compressed class space mapped at: 0x0000024301000000-0x0000024341000000, reserved size: 1073741824
Narrow klass base: 0x0000024300000000, Narrow klass shift: 0, Narrow klass range: 0x41000000

GC Precious Log:
 CardTable entry size: 512
 Card Set container configuration: InlinePtr #cards 5 size 8 Array Of Cards #cards 10 size 36 Howl #buckets 4 coarsen threshold 1843 Howl Bitmap #cards 512 size 80 coarsen threshold 460 Card regions per heap region 1 cards per card region 2048
 CPUs: 4 total, 4 available
 Memory: 8014M
 Large Page Support: Disabled
 NUMA Support: Disabled
 Compressed Oops: Enabled (32-bit)
 Heap Region Size: 1M
 Heap Min Capacity: 8M
 Heap Initial Capacity: 126M
 Heap Max Capacity: 2004M
 Pre-touch: Disabled
 Parallel Workers: 4
 Concurrent Workers: 1
 Concurrent Refinement Workers: 4
 Periodic GC: Disabled

Heap:
 garbage-first heap   total reserved 2052096K, committed 129024K, used 20284K [0x0000000082c00000, 0x0000000100000000)
  region size 1024K, 16 young (16384K), 4 survivors (4096K)
 Metaspace       used 17897K, committed 18304K, reserved 1114112K
  class space    used 2403K, committed 2560K, reserved 1048576K

Heap Regions: E=young(eden), S=young(survivor), O=old, HS=humongous(starts), HC=humongous(continues), CS=collection set, F=free, TAMS=top-at-mark-start, PB=parsable bottom
|   0|0x0000000082c00000, 0x0000000082d00000, 0x0000000082d00000|100%| O|  |TAMS 0x0000000082c00000| PB 0x0000000082c00000| Untracked |  0
|   1|0x0000000082d00000, 0x0000000082e00000, 0x0000000082e00000|100%| O|  |TAMS 0x0000000082d00000| PB 0x0000000082d00000| Untracked |  0
|   2|0x0000000082e00000, 0x0000000082f00000, 0x0000000082f00000|100%| O|  |TAMS 0x0000000082e00000| PB 0x0000000082e00000| Untracked |  0
|   3|0x0000000082f00000, 0x0000000082fcf010, 0x0000000083000000| 80%| O|  |TAMS 0x0000000082f00000| PB 0x0000000082f00000| Untracked |  0
|   4|0x0000000083000000, 0x0000000083100000, 0x0000000083100000|100%|HS|  |TAMS 0x0000000083000000| PB 0x0000000083000000| Complete |  0
|   5|0x0000000083100000, 0x0000000083200000, 0x0000000083200000|100%|HC|  |TAMS 0x0000000083100000| PB 0x0000000083100000| Complete |  0
|   6|0x0000000083200000, 0x0000000083200000, 0x0000000083300000|  0%| F|  |TAMS 0x0000000083200000| PB 0x0000000083200000| Untracked |  0
|   7|0x0000000083300000, 0x0000000083300000, 0x0000000083400000|  0%| F|  |TAMS 0x0000000083300000| PB 0x0000000083300000| Untracked |  0
|   8|0x0000000083400000, 0x0000000083400000, 0x0000000083500000|  0%| F|  |TAMS 0x0000000083400000| PB 0x0000000083400000| Untracked |  0
|   9|0x0000000083500000, 0x0000000083500000, 0x0000000083600000|  0%| F|  |TAMS 0x0000000083500000| PB 0x0000000083500000| Untracked |  0
|  10|0x0000000083600000, 0x0000000083600000, 0x0000000083700000|  0%| F|  |TAMS 0x0000000083600000| PB 0x0000000083600000| Untracked |  0
|  11|0x0000000083700000, 0x0000000083700000, 0x0000000083800000|  0%| F|  |TAMS 0x0000000083700000| PB 0x0000000083700000| Untracked |  0
|  12|0x0000000083800000, 0x0000000083800000, 0x0000000083900000|  0%| F|  |TAMS 0x0000000083800000| PB 0x0000000083800000| Untracked |  0
|  13|0x0000000083900000, 0x0000000083900000, 0x0000000083a00000|  0%| F|  |TAMS 0x0000000083900000| PB 0x0000000083900000| Untracked |  0
|  14|0x0000000083a00000, 0x0000000083a00000, 0x0000000083b00000|  0%| F|  |TAMS 0x0000000083a00000| PB 0x0000000083a00000| Untracked |  0
|  15|0x0000000083b00000, 0x0000000083b00000, 0x0000000083c00000|  0%| F|  |TAMS 0x0000000083b00000| PB 0x0000000083b00000| Untracked |  0
|  16|0x0000000083c00000, 0x0000000083c00000, 0x0000000083d00000|  0%| F|  |TAMS 0x0000000083c00000| PB 0x0000000083c00000| Untracked |  0
|  17|0x0000000083d00000, 0x0000000083d00000, 0x0000000083e00000|  0%| F|  |TAMS 0x0000000083d00000| PB 0x0000000083d00000| Untracked |  0
|  18|0x0000000083e00000, 0x0000000083e00000, 0x0000000083f00000|  0%| F|  |TAMS 0x0000000083e00000| PB 0x0000000083e00000| Untracked |  0
|  19|0x0000000083f00000, 0x0000000083f00000, 0x0000000084000000|  0%| F|  |TAMS 0x0000000083f00000| PB 0x0000000083f00000| Untracked |  0
|  20|0x0000000084000000, 0x0000000084000000, 0x0000000084100000|  0%| F|  |TAMS 0x0000000084000000| PB 0x0000000084000000| Untracked |  0
|  21|0x0000000084100000, 0x0000000084100000, 0x0000000084200000|  0%| F|  |TAMS 0x0000000084100000| PB 0x0000000084100000| Untracked |  0
|  22|0x0000000084200000, 0x0000000084200000, 0x0000000084300000|  0%| F|  |TAMS 0x0000000084200000| PB 0x0000000084200000| Untracked |  0
|  23|0x0000000084300000, 0x0000000084300000, 0x0000000084400000|  0%| F|  |TAMS 0x0000000084300000| PB 0x0000000084300000| Untracked |  0
|  24|0x0000000084400000, 0x0000000084400000, 0x0000000084500000|  0%| F|  |TAMS 0x0000000084400000| PB 0x0000000084400000| Untracked |  0
|  25|0x0000000084500000, 0x0000000084500000, 0x0000000084600000|  0%| F|  |TAMS 0x0000000084500000| PB 0x0000000084500000| Untracked |  0
|  26|0x0000000084600000, 0x0000000084600000, 0x0000000084700000|  0%| F|  |TAMS 0x0000000084600000| PB 0x0000000084600000| Untracked |  0
|  27|0x0000000084700000, 0x0000000084700000, 0x0000000084800000|  0%| F|  |TAMS 0x0000000084700000| PB 0x0000000084700000| Untracked |  0
|  28|0x0000000084800000, 0x0000000084800000, 0x0000000084900000|  0%| F|  |TAMS 0x0000000084800000| PB 0x0000000084800000| Untracked |  0
|  29|0x0000000084900000, 0x0000000084900000, 0x0000000084a00000|  0%| F|  |TAMS 0x0000000084900000| PB 0x0000000084900000| Untracked |  0
|  30|0x0000000084a00000, 0x0000000084a00000, 0x0000000084b00000|  0%| F|  |TAMS 0x0000000084a00000| PB 0x0000000084a00000| Untracked |  0
|  31|0x0000000084b00000, 0x0000000084b00000, 0x0000000084c00000|  0%| F|  |TAMS 0x0000000084b00000| PB 0x0000000084b00000| Untracked |  0
|  32|0x0000000084c00000, 0x0000000084c00000, 0x0000000084d00000|  0%| F|  |TAMS 0x0000000084c00000| PB 0x0000000084c00000| Untracked |  0
|  33|0x0000000084d00000, 0x0000000084d00000, 0x0000000084e00000|  0%| F|  |TAMS 0x0000000084d00000| PB 0x0000000084d00000| Untracked |  0
|  34|0x0000000084e00000, 0x0000000084e00000, 0x0000000084f00000|  0%| F|  |TAMS 0x0000000084e00000| PB 0x0000000084e00000| Untracked |  0
|  35|0x0000000084f00000, 0x0000000084f00000, 0x0000000085000000|  0%| F|  |TAMS 0x0000000084f00000| PB 0x0000000084f00000| Untracked |  0
|  36|0x0000000085000000, 0x0000000085000000, 0x0000000085100000|  0%| F|  |TAMS 0x0000000085000000| PB 0x0000000085000000| Untracked |  0
|  37|0x0000000085100000, 0x0000000085100000, 0x0000000085200000|  0%| F|  |TAMS 0x0000000085100000| PB 0x0000000085100000| Untracked |  0
|  38|0x0000000085200000, 0x0000000085200000, 0x0000000085300000|  0%| F|  |TAMS 0x0000000085200000| PB 0x0000000085200000| Untracked |  0
|  39|0x0000000085300000, 0x0000000085300000, 0x0000000085400000|  0%| F|  |TAMS 0x0000000085300000| PB 0x0000000085300000| Untracked |  0
|  40|0x0000000085400000, 0x0000000085400000, 0x0000000085500000|  0%| F|  |TAMS 0x0000000085400000| PB 0x0000000085400000| Untracked |  0
|  41|0x0000000085500000, 0x0000000085500000, 0x0000000085600000|  0%| F|  |TAMS 0x0000000085500000| PB 0x0000000085500000| Untracked |  0
|  42|0x0000000085600000, 0x0000000085600000, 0x0000000085700000|  0%| F|  |TAMS 0x0000000085600000| PB 0x0000000085600000| Untracked |  0
|  43|0x0000000085700000, 0x0000000085700000, 0x0000000085800000|  0%| F|  |TAMS 0x0000000085700000| PB 0x0000000085700000| Untracked |  0
|  44|0x0000000085800000, 0x0000000085800000, 0x0000000085900000|  0%| F|  |TAMS 0x0000000085800000| PB 0x0000000085800000| Untracked |  0
|  45|0x0000000085900000, 0x0000000085900000, 0x0000000085a00000|  0%| F|  |TAMS 0x0000000085900000| PB 0x0000000085900000| Untracked |  0
|  46|0x0000000085a00000, 0x0000000085a00000, 0x0000000085b00000|  0%| F|  |TAMS 0x0000000085a00000| PB 0x0000000085a00000| Untracked |  0
|  47|0x0000000085b00000, 0x0000000085b00000, 0x0000000085c00000|  0%| F|  |TAMS 0x0000000085b00000| PB 0x0000000085b00000| Untracked |  0
|  48|0x0000000085c00000, 0x0000000085c00000, 0x0000000085d00000|  0%| F|  |TAMS 0x0000000085c00000| PB 0x0000000085c00000| Untracked |  0
|  49|0x0000000085d00000, 0x0000000085d00000, 0x0000000085e00000|  0%| F|  |TAMS 0x0000000085d00000| PB 0x0000000085d00000| Untracked |  0
|  50|0x0000000085e00000, 0x0000000085e00000, 0x0000000085f00000|  0%| F|  |TAMS 0x0000000085e00000| PB 0x0000000085e00000| Untracked |  0
|  51|0x0000000085f00000, 0x0000000085f00000, 0x0000000086000000|  0%| F|  |TAMS 0x0000000085f00000| PB 0x0000000085f00000| Untracked |  0
|  52|0x0000000086000000, 0x0000000086000000, 0x0000000086100000|  0%| F|  |TAMS 0x0000000086000000| PB 0x0000000086000000| Untracked |  0
|  53|0x0000000086100000, 0x0000000086100000, 0x0000000086200000|  0%| F|  |TAMS 0x0000000086100000| PB 0x0000000086100000| Untracked |  0
|  54|0x0000000086200000, 0x0000000086200000, 0x0000000086300000|  0%| F|  |TAMS 0x0000000086200000| PB 0x0000000086200000| Untracked |  0
|  55|0x0000000086300000, 0x0000000086300000, 0x0000000086400000|  0%| F|  |TAMS 0x0000000086300000| PB 0x0000000086300000| Untracked |  0
|  56|0x0000000086400000, 0x0000000086400000, 0x0000000086500000|  0%| F|  |TAMS 0x0000000086400000| PB 0x0000000086400000| Untracked |  0
|  57|0x0000000086500000, 0x0000000086500000, 0x0000000086600000|  0%| F|  |TAMS 0x0000000086500000| PB 0x0000000086500000| Untracked |  0
|  58|0x0000000086600000, 0x0000000086600000, 0x0000000086700000|  0%| F|  |TAMS 0x0000000086600000| PB 0x0000000086600000| Untracked |  0
|  59|0x0000000086700000, 0x0000000086700000, 0x0000000086800000|  0%| F|  |TAMS 0x0000000086700000| PB 0x0000000086700000| Untracked |  0
|  60|0x0000000086800000, 0x0000000086800000, 0x0000000086900000|  0%| F|  |TAMS 0x0000000086800000| PB 0x0000000086800000| Untracked |  0
|  61|0x0000000086900000, 0x0000000086900000, 0x0000000086a00000|  0%| F|  |TAMS 0x0000000086900000| PB 0x0000000086900000| Untracked |  0
|  62|0x0000000086a00000, 0x0000000086a00000, 0x0000000086b00000|  0%| F|  |TAMS 0x0000000086a00000| PB 0x0000000086a00000| Untracked |  0
|  63|0x0000000086b00000, 0x0000000086b00000, 0x0000000086c00000|  0%| F|  |TAMS 0x0000000086b00000| PB 0x0000000086b00000| Untracked |  0
|  64|0x0000000086c00000, 0x0000000086c00000, 0x0000000086d00000|  0%| F|  |TAMS 0x0000000086c00000| PB 0x0000000086c00000| Untracked |  0
|  65|0x0000000086d00000, 0x0000000086d00000, 0x0000000086e00000|  0%| F|  |TAMS 0x0000000086d00000| PB 0x0000000086d00000| Untracked |  0
|  66|0x0000000086e00000, 0x0000000086e00000, 0x0000000086f00000|  0%| F|  |TAMS 0x0000000086e00000| PB 0x0000000086e00000| Untracked |  0
|  67|0x0000000086f00000, 0x0000000086f00000, 0x0000000087000000|  0%| F|  |TAMS 0x0000000086f00000| PB 0x0000000086f00000| Untracked |  0
|  68|0x0000000087000000, 0x0000000087000000, 0x0000000087100000|  0%| F|  |TAMS 0x0000000087000000| PB 0x0000000087000000| Untracked |  0
|  69|0x0000000087100000, 0x0000000087100000, 0x0000000087200000|  0%| F|  |TAMS 0x0000000087100000| PB 0x0000000087100000| Untracked |  0
|  70|0x0000000087200000, 0x0000000087200000, 0x0000000087300000|  0%| F|  |TAMS 0x0000000087200000| PB 0x0000000087200000| Untracked |  0
|  71|0x0000000087300000, 0x0000000087300000, 0x0000000087400000|  0%| F|  |TAMS 0x0000000087300000| PB 0x0000000087300000| Untracked |  0
|  72|0x0000000087400000, 0x0000000087400000, 0x0000000087500000|  0%| F|  |TAMS 0x0000000087400000| PB 0x0000000087400000| Untracked |  0
|  73|0x0000000087500000, 0x0000000087500000, 0x0000000087600000|  0%| F|  |TAMS 0x0000000087500000| PB 0x0000000087500000| Untracked |  0
|  74|0x0000000087600000, 0x0000000087600000, 0x0000000087700000|  0%| F|  |TAMS 0x0000000087600000| PB 0x0000000087600000| Untracked |  0
|  75|0x0000000087700000, 0x0000000087700000, 0x0000000087800000|  0%| F|  |TAMS 0x0000000087700000| PB 0x0000000087700000| Untracked |  0
|  76|0x0000000087800000, 0x0000000087800000, 0x0000000087900000|  0%| F|  |TAMS 0x0000000087800000| PB 0x0000000087800000| Untracked |  0
|  77|0x0000000087900000, 0x0000000087900000, 0x0000000087a00000|  0%| F|  |TAMS 0x0000000087900000| PB 0x0000000087900000| Untracked |  0
|  78|0x0000000087a00000, 0x0000000087a00000, 0x0000000087b00000|  0%| F|  |TAMS 0x0000000087a00000| PB 0x0000000087a00000| Untracked |  0
|  79|0x0000000087b00000, 0x0000000087b00000, 0x0000000087c00000|  0%| F|  |TAMS 0x0000000087b00000| PB 0x0000000087b00000| Untracked |  0
|  80|0x0000000087c00000, 0x0000000087c00000, 0x0000000087d00000|  0%| F|  |TAMS 0x0000000087c00000| PB 0x0000000087c00000| Untracked |  0
|  81|0x0000000087d00000, 0x0000000087d00000, 0x0000000087e00000|  0%| F|  |TAMS 0x0000000087d00000| PB 0x0000000087d00000| Untracked |  0
|  82|0x0000000087e00000, 0x0000000087e00000, 0x0000000087f00000|  0%| F|  |TAMS 0x0000000087e00000| PB 0x0000000087e00000| Untracked |  0
|  83|0x0000000087f00000, 0x0000000087f00000, 0x0000000088000000|  0%| F|  |TAMS 0x0000000087f00000| PB 0x0000000087f00000| Untracked |  0
|  84|0x0000000088000000, 0x0000000088000000, 0x0000000088100000|  0%| F|  |TAMS 0x0000000088000000| PB 0x0000000088000000| Untracked |  0
|  85|0x0000000088100000, 0x0000000088100000, 0x0000000088200000|  0%| F|  |TAMS 0x0000000088100000| PB 0x0000000088100000| Untracked |  0
|  86|0x0000000088200000, 0x0000000088200000, 0x0000000088300000|  0%| F|  |TAMS 0x0000000088200000| PB 0x0000000088200000| Untracked |  0
|  87|0x0000000088300000, 0x0000000088300000, 0x0000000088400000|  0%| F|  |TAMS 0x0000000088300000| PB 0x0000000088300000| Untracked |  0
|  88|0x0000000088400000, 0x0000000088400000, 0x0000000088500000|  0%| F|  |TAMS 0x0000000088400000| PB 0x0000000088400000| Untracked |  0
|  89|0x0000000088500000, 0x0000000088500000, 0x0000000088600000|  0%| F|  |TAMS 0x0000000088500000| PB 0x0000000088500000| Untracked |  0
|  90|0x0000000088600000, 0x0000000088700000, 0x0000000088700000|100%| S|CS|TAMS 0x0000000088600000| PB 0x0000000088600000| Complete |  0
|  91|0x0000000088700000, 0x0000000088800000, 0x0000000088800000|100%| S|CS|TAMS 0x0000000088700000| PB 0x0000000088700000| Complete |  0
|  92|0x0000000088800000, 0x0000000088900000, 0x0000000088900000|100%| S|CS|TAMS 0x0000000088800000| PB 0x0000000088800000| Complete |  0
|  93|0x0000000088900000, 0x0000000088a00000, 0x0000000088a00000|100%| S|CS|TAMS 0x0000000088900000| PB 0x0000000088900000| Complete |  0
|  94|0x0000000088a00000, 0x0000000088a00000, 0x0000000088b00000|  0%| F|  |TAMS 0x0000000088a00000| PB 0x0000000088a00000| Untracked |  0
|  95|0x0000000088b00000, 0x0000000088b00000, 0x0000000088c00000|  0%| F|  |TAMS 0x0000000088b00000| PB 0x0000000088b00000| Untracked |  0
|  96|0x0000000088c00000, 0x0000000088c00000, 0x0000000088d00000|  0%| F|  |TAMS 0x0000000088c00000| PB 0x0000000088c00000| Untracked |  0
|  97|0x0000000088d00000, 0x0000000088d00000, 0x0000000088e00000|  0%| F|  |TAMS 0x0000000088d00000| PB 0x0000000088d00000| Untracked |  0
|  98|0x0000000088e00000, 0x0000000088e00000, 0x0000000088f00000|  0%| F|  |TAMS 0x0000000088e00000| PB 0x0000000088e00000| Untracked |  0
|  99|0x0000000088f00000, 0x0000000088f00000, 0x0000000089000000|  0%| F|  |TAMS 0x0000000088f00000| PB 0x0000000088f00000| Untracked |  0
| 100|0x0000000089000000, 0x0000000089000000, 0x0000000089100000|  0%| F|  |TAMS 0x0000000089000000| PB 0x0000000089000000| Untracked |  0
| 101|0x0000000089100000, 0x0000000089100000, 0x0000000089200000|  0%| F|  |TAMS 0x0000000089100000| PB 0x0000000089100000| Untracked |  0
| 102|0x0000000089200000, 0x0000000089200000, 0x0000000089300000|  0%| F|  |TAMS 0x0000000089200000| PB 0x0000000089200000| Untracked |  0
| 103|0x0000000089300000, 0x0000000089300000, 0x0000000089400000|  0%| F|  |TAMS 0x0000000089300000| PB 0x0000000089300000| Untracked |  0
| 104|0x0000000089400000, 0x0000000089400000, 0x0000000089500000|  0%| F|  |TAMS 0x0000000089400000| PB 0x0000000089400000| Untracked |  0
| 105|0x0000000089500000, 0x0000000089500000, 0x0000000089600000|  0%| F|  |TAMS 0x0000000089500000| PB 0x0000000089500000| Untracked |  0
| 106|0x0000000089600000, 0x0000000089600000, 0x0000000089700000|  0%| F|  |TAMS 0x0000000089600000| PB 0x0000000089600000| Untracked |  0
| 107|0x0000000089700000, 0x0000000089700000, 0x0000000089800000|  0%| F|  |TAMS 0x0000000089700000| PB 0x0000000089700000| Untracked |  0
| 108|0x0000000089800000, 0x0000000089800000, 0x0000000089900000|  0%| F|  |TAMS 0x0000000089800000| PB 0x0000000089800000| Untracked |  0
| 109|0x0000000089900000, 0x0000000089900000, 0x0000000089a00000|  0%| F|  |TAMS 0x0000000089900000| PB 0x0000000089900000| Untracked |  0
| 110|0x0000000089a00000, 0x0000000089a00000, 0x0000000089b00000|  0%| F|  |TAMS 0x0000000089a00000| PB 0x0000000089a00000| Untracked |  0
| 111|0x0000000089b00000, 0x0000000089b00000, 0x0000000089c00000|  0%| F|  |TAMS 0x0000000089b00000| PB 0x0000000089b00000| Untracked |  0
| 112|0x0000000089c00000, 0x0000000089c00000, 0x0000000089d00000|  0%| F|  |TAMS 0x0000000089c00000| PB 0x0000000089c00000| Untracked |  0
| 113|0x0000000089d00000, 0x0000000089d00000, 0x0000000089e00000|  0%| F|  |TAMS 0x0000000089d00000| PB 0x0000000089d00000| Untracked |  0
| 114|0x0000000089e00000, 0x0000000089e17de8, 0x0000000089f00000|  9%| E|  |TAMS 0x0000000089e00000| PB 0x0000000089e00000| Complete |  0
| 115|0x0000000089f00000, 0x0000000089ffea80, 0x000000008a000000| 99%| E|  |TAMS 0x0000000089f00000| PB 0x0000000089f00000| Complete |  0
| 116|0x000000008a000000, 0x000000008a100000, 0x000000008a100000|100%| E|CS|TAMS 0x000000008a000000| PB 0x000000008a000000| Complete |  0
| 117|0x000000008a100000, 0x000000008a200000, 0x000000008a200000|100%| E|CS|TAMS 0x000000008a100000| PB 0x000000008a100000| Complete |  0
| 118|0x000000008a200000, 0x000000008a300000, 0x000000008a300000|100%| E|CS|TAMS 0x000000008a200000| PB 0x000000008a200000| Complete |  0
| 119|0x000000008a300000, 0x000000008a400000, 0x000000008a400000|100%| E|CS|TAMS 0x000000008a300000| PB 0x000000008a300000| Complete |  0
| 120|0x000000008a400000, 0x000000008a500000, 0x000000008a500000|100%| E|CS|TAMS 0x000000008a400000| PB 0x000000008a400000| Complete |  0
| 121|0x000000008a500000, 0x000000008a600000, 0x000000008a600000|100%| E|CS|TAMS 0x000000008a500000| PB 0x000000008a500000| Complete |  0
| 122|0x000000008a600000, 0x000000008a700000, 0x000000008a700000|100%| E|CS|TAMS 0x000000008a600000| PB 0x000000008a600000| Complete |  0
| 123|0x000000008a700000, 0x000000008a800000, 0x000000008a800000|100%| E|CS|TAMS 0x000000008a700000| PB 0x000000008a700000| Complete |  0
| 124|0x000000008a800000, 0x000000008a900000, 0x000000008a900000|100%| E|CS|TAMS 0x000000008a800000| PB 0x000000008a800000| Complete |  0
| 125|0x000000008a900000, 0x000000008aa00000, 0x000000008aa00000|100%| E|CS|TAMS 0x000000008a900000| PB 0x000000008a900000| Complete |  0

Card table byte_map: [0x0000024378670000,0x0000024378a60000] _byte_map_base: 0x000002437825a000

Marking Bits: (CMBitMap*) 0x0000024360ba2140
 Bits: [0x0000024378a60000, 0x000002437a9b0000)

Polling page: 0x000002435e900000

Metaspace:

Usage:
  Non-class:     15.13 MB used.
      Class:      2.35 MB used.
       Both:     17.48 MB used.

Virtual space:
  Non-class space:       64.00 MB reserved,      15.38 MB ( 24%) committed,  1 nodes.
      Class space:        1.00 GB reserved,       2.50 MB ( <1%) committed,  1 nodes.
             Both:        1.06 GB reserved,      17.88 MB (  2%) committed. 

Chunk freelists:
   Non-Class:  416.00 KB
       Class:  13.52 MB
        Both:  13.92 MB

MaxMetaspaceSize: unlimited
CompressedClassSpaceSize: 1.00 GB
Initial GC threshold: 21.00 MB
Current GC threshold: 21.00 MB
CDS: on
 - commit_granule_bytes: 65536.
 - commit_granule_words: 8192.
 - virtual_space_node_default_size: 8388608.
 - enlarge_chunks_in_place: 1.
 - use_allocation_guard: 0.


Internal statistics:

num_allocs_failed_limit: 0.
num_arena_births: 464.
num_arena_deaths: 0.
num_vsnodes_births: 2.
num_vsnodes_deaths: 0.
num_space_committed: 286.
num_space_uncommitted: 0.
num_chunks_returned_to_freelist: 0.
num_chunks_taken_from_freelist: 875.
num_chunk_merges: 0.
num_chunk_splits: 584.
num_chunks_enlarged: 402.
num_inconsistent_stats: 0.

CodeHeap 'non-profiled nmethods': size=120064Kb used=819Kb max_used=819Kb free=119244Kb
 bounds [0x0000024370d40000, 0x0000024370fb0000, 0x0000024378280000]
CodeHeap 'profiled nmethods': size=120000Kb used=3196Kb max_used=3196Kb free=116803Kb
 bounds [0x0000024369280000, 0x00000243695a0000, 0x00000243707b0000]
CodeHeap 'non-nmethods': size=5696Kb used=1810Kb max_used=1848Kb free=3885Kb
 bounds [0x00000243707b0000, 0x0000024370a20000, 0x0000024370d40000]
CodeCache: size=245760Kb, used=5825Kb, max_used=5863Kb, free=239932Kb
 total_blobs=3268, nmethods=2423, adapters=751, full_count=0
Compilation: enabled, stopped_count=0, restarted_count=0

Compilation events (20 events):
Event: 4.591 Thread 0x000002437cfa3e20 2403       3       com.sun.prism.impl.ManagedResource::getResource (9 bytes)
Event: 4.591 Thread 0x000002437cfa3e20 nmethod 2403 0x000002436959a388 code [0x000002436959a4c0, 0x000002436959a740]
Event: 4.597 Thread 0x000002437cfa3e20 2404       1       com.sun.prism.impl.BaseTexture::getContentHeight (5 bytes)
Event: 4.597 Thread 0x000002437cfa3e20 nmethod 2404 0x0000024370e03e88 code [0x0000024370e03fa0, 0x0000024370e04068]
Event: 4.605 Thread 0x000002437cfa3e20 2405       1       com.sun.javafx.font.PrismFontStrike::getFontResource (5 bytes)
Event: 4.605 Thread 0x000002437cfa3e20 nmethod 2405 0x0000024370e04188 code [0x0000024370e042a0, 0x0000024370e04368]
Event: 4.606 Thread 0x000002437cfa3e20 2406       1       com.sun.prism.impl.BaseTexture::getWrapMode (5 bytes)
Event: 4.606 Thread 0x000002437cfa3e20 nmethod 2406 0x0000024370e04488 code [0x0000024370e045a0, 0x0000024370e04668]
Event: 4.614 Thread 0x000002437cfa3e20 2407       3       com.sun.prism.PixelFormat::getBytesPerPixelUnit (13 bytes)
Event: 4.615 Thread 0x000002437cfa3e20 nmethod 2407 0x000002436959a788 code [0x000002436959a8a0, 0x000002436959a9d8]
Event: 4.617 Thread 0x000002437cfa3e20 2409       1       com.sun.prism.impl.BaseTexture::getContentX (5 bytes)
Event: 4.617 Thread 0x000002437cfa3e20 nmethod 2409 0x0000024370e04b08 code [0x0000024370e04c20, 0x0000024370e04ce8]
Event: 4.617 Thread 0x000002437cfa3e20 2410       1       com.sun.prism.impl.BaseTexture::getContentY (5 bytes)
Event: 4.617 Thread 0x000002437cfa3e20 nmethod 2410 0x0000024370e04e08 code [0x0000024370e04f20, 0x0000024370e04fe8]
Event: 4.624 Thread 0x000002437cfa3e20 2412       3       java.lang.Math::round (56 bytes)
Event: 4.624 Thread 0x000002437cfa3e20 nmethod 2412 0x000002436959aa88 code [0x000002436959aba0, 0x000002436959ad78]
Event: 4.633 Thread 0x000002437cfa3e20 2413       3       com.sun.prism.d3d.D3DContext::validate (45 bytes)
Event: 4.634 Thread 0x000002437cfa3e20 nmethod 2413 0x000002436959ae08 code [0x000002436959af20, 0x000002436959b018]
Event: 4.634 Thread 0x000002437cfa3e20 2414       3       com.sun.javafx.text.TextRun::getPosX (132 bytes)
Event: 4.635 Thread 0x000002437cfa3e20 nmethod 2414 0x000002436959b108 code [0x000002436959b280, 0x000002436959b708]

GC Heap History (6 events):
Event: 1.191 GC heap before
{Heap before GC invocations=0 (full 0):
 garbage-first heap   total reserved 2052096K, committed 129024K, used 14336K [0x0000000082c00000, 0x0000000100000000)
  region size 1024K, 14 young (14336K), 0 survivors (0K)
 Metaspace       used 2918K, committed 3072K, reserved 1114112K
  class space    used 330K, committed 384K, reserved 1048576K
}
Event: 1.207 GC heap after
{Heap after GC invocations=1 (full 0):
 garbage-first heap   total reserved 2052096K, committed 129024K, used 3114K [0x0000000082c00000, 0x0000000100000000)
  region size 1024K, 2 young (2048K), 2 survivors (2048K)
 Metaspace       used 2918K, committed 3072K, reserved 1114112K
  class space    used 330K, committed 384K, reserved 1048576K
}
Event: 2.112 GC heap before
{Heap before GC invocations=1 (full 0):
 garbage-first heap   total reserved 2052096K, committed 129024K, used 15402K [0x0000000082c00000, 0x0000000100000000)
  region size 1024K, 15 young (15360K), 2 survivors (2048K)
 Metaspace       used 8597K, committed 8960K, reserved 1114112K
  class space    used 1021K, committed 1216K, reserved 1048576K
}
Event: 2.120 GC heap after
{Heap after GC invocations=2 (full 0):
 garbage-first heap   total reserved 2052096K, committed 129024K, used 4626K [0x0000000082c00000, 0x0000000100000000)
  region size 1024K, 2 young (2048K), 2 survivors (2048K)
 Metaspace       used 8597K, committed 8960K, reserved 1114112K
  class space    used 1021K, committed 1216K, reserved 1048576K
}
Event: 3.733 GC heap before
{Heap before GC invocations=2 (full 0):
 garbage-first heap   total reserved 2052096K, committed 129024K, used 34322K [0x0000000082c00000, 0x0000000100000000)
  region size 1024K, 32 young (32768K), 2 survivors (2048K)
 Metaspace       used 15729K, committed 16192K, reserved 1114112K
  class space    used 2076K, committed 2304K, reserved 1048576K
}
Event: 3.743 GC heap after
{Heap after GC invocations=3 (full 0):
 garbage-first heap   total reserved 2052096K, committed 129024K, used 7996K [0x0000000082c00000, 0x0000000100000000)
  region size 1024K, 4 young (4096K), 4 survivors (4096K)
 Metaspace       used 15729K, committed 16192K, reserved 1114112K
  class space    used 2076K, committed 2304K, reserved 1048576K
}

Dll operation events (20 events):
Event: 1.241 Loaded shared library C:\Users\Admin\.jdks\openjdk-23.0.2\bin\management.dll
Event: 1.251 Loaded shared library C:\Users\Admin\.openjfx\cache\17.0.6\api-ms-win-crt-math-l1-1-0.dll
Event: 1.263 Loaded shared library C:\Users\Admin\.openjfx\cache\17.0.6\api-ms-win-crt-multibyte-l1-1-0.dll
Event: 1.266 Loaded shared library C:\Users\Admin\.jdks\openjdk-23.0.2\bin\management_ext.dll
Event: 1.272 Loaded shared library C:\Users\Admin\.openjfx\cache\17.0.6\api-ms-win-crt-private-l1-1-0.dll
Event: 1.280 Loaded shared library C:\Users\Admin\.openjfx\cache\17.0.6\api-ms-win-crt-process-l1-1-0.dll
Event: 1.291 Loaded shared library C:\Users\Admin\.openjfx\cache\17.0.6\api-ms-win-crt-runtime-l1-1-0.dll
Event: 1.303 Loaded shared library C:\Users\Admin\.openjfx\cache\17.0.6\api-ms-win-crt-stdio-l1-1-0.dll
Event: 1.314 Loaded shared library C:\Users\Admin\.openjfx\cache\17.0.6\api-ms-win-crt-string-l1-1-0.dll
Event: 1.322 Loaded shared library C:\Users\Admin\.openjfx\cache\17.0.6\api-ms-win-crt-time-l1-1-0.dll
Event: 1.331 Loaded shared library C:\Users\Admin\.openjfx\cache\17.0.6\api-ms-win-crt-utility-l1-1-0.dll
Event: 1.412 Loaded shared library C:\Users\Admin\.openjfx\cache\17.0.6\ucrtbase.dll
Event: 1.431 Loaded shared library C:\Users\Admin\.openjfx\cache\17.0.6\vcruntime140.dll
Event: 1.444 Loaded shared library C:\Users\Admin\.openjfx\cache\17.0.6\vcruntime140_1.dll
Event: 1.465 Loaded shared library C:\Users\Admin\.openjfx\cache\17.0.6\msvcp140.dll
Event: 1.479 Loaded shared library C:\Users\Admin\.openjfx\cache\17.0.6\msvcp140_1.dll
Event: 1.494 Loaded shared library C:\Users\Admin\.openjfx\cache\17.0.6\msvcp140_2.dll
Event: 1.895 Loaded shared library C:\Users\Admin\.openjfx\cache\17.0.6\prism_d3d.dll
Event: 2.073 Loaded shared library C:\Users\Admin\.openjfx\cache\17.0.6\glass.dll
Event: 2.753 Loaded shared library C:\Users\Admin\.openjfx\cache\17.0.6\javafx_font.dll

Deoptimization events (20 events):
Event: 4.115 Thread 0x0000024345e36220 Uncommon trap: trap_request=0xffffff45 fr.pc=0x0000024370d96e58 relative=0x0000000000000198
Event: 4.115 Thread 0x0000024345e36220 Uncommon trap: reason=unstable_if action=reinterpret pc=0x0000024370d96e58 method=java.util.concurrent.ConcurrentHashMap.addCount(JI)V @ 171 c2
Event: 4.115 Thread 0x0000024345e36220 DEOPT PACKING pc=0x0000024370d96e58 sp=0x0000005c2cafd460
Event: 4.115 Thread 0x0000024345e36220 DEOPT UNPACKING pc=0x00000243708043fc sp=0x0000005c2cafd3c0 mode 2
Event: 4.168 Thread 0x00000243462777c0 Uncommon trap: trap_request=0xffffffde fr.pc=0x0000024370dd2dbc relative=0x000000000000043c
Event: 4.168 Thread 0x00000243462777c0 Uncommon trap: reason=class_check action=maybe_recompile pc=0x0000024370dd2dbc method=java.io.BufferedInputStream.read1([BII)I @ 52 c2
Event: 4.168 Thread 0x00000243462777c0 DEOPT PACKING pc=0x0000024370dd2dbc sp=0x0000005c2c4fda40
Event: 4.168 Thread 0x00000243462777c0 DEOPT UNPACKING pc=0x00000243708043fc sp=0x0000005c2c4fd9f8 mode 2
Event: 4.263 Thread 0x00000243462777c0 Uncommon trap: trap_request=0xffffffde fr.pc=0x0000024370dd2dbc relative=0x000000000000043c
Event: 4.263 Thread 0x00000243462777c0 Uncommon trap: reason=class_check action=maybe_recompile pc=0x0000024370dd2dbc method=java.io.BufferedInputStream.read1([BII)I @ 52 c2
Event: 4.263 Thread 0x00000243462777c0 DEOPT PACKING pc=0x0000024370dd2dbc sp=0x0000005c2c4fd9c0
Event: 4.263 Thread 0x00000243462777c0 DEOPT UNPACKING pc=0x00000243708043fc sp=0x0000005c2c4fd978 mode 2
Event: 4.288 Thread 0x00000243462777c0 Uncommon trap: trap_request=0xffffffde fr.pc=0x0000024370dd2dbc relative=0x000000000000043c
Event: 4.288 Thread 0x00000243462777c0 Uncommon trap: reason=class_check action=maybe_recompile pc=0x0000024370dd2dbc method=java.io.BufferedInputStream.read1([BII)I @ 52 c2
Event: 4.288 Thread 0x00000243462777c0 DEOPT PACKING pc=0x0000024370dd2dbc sp=0x0000005c2c4fd9c0
Event: 4.288 Thread 0x00000243462777c0 DEOPT UNPACKING pc=0x00000243708043fc sp=0x0000005c2c4fd978 mode 2
Event: 4.336 Thread 0x00000243462777c0 Uncommon trap: trap_request=0xffffffde fr.pc=0x0000024370dd2dbc relative=0x000000000000043c
Event: 4.336 Thread 0x00000243462777c0 Uncommon trap: reason=class_check action=maybe_recompile pc=0x0000024370dd2dbc method=java.io.BufferedInputStream.read1([BII)I @ 52 c2
Event: 4.336 Thread 0x00000243462777c0 DEOPT PACKING pc=0x0000024370dd2dbc sp=0x0000005c2c4fd8d0
Event: 4.336 Thread 0x00000243462777c0 DEOPT UNPACKING pc=0x00000243708043fc sp=0x0000005c2c4fd888 mode 2

Classes loaded (20 events):
Event: 4.197 Loading class java/util/concurrent/ConcurrentLinkedQueue
Event: 4.197 Loading class java/util/concurrent/ConcurrentLinkedQueue done
Event: 4.197 Loading class java/util/concurrent/ConcurrentLinkedQueue$Node
Event: 4.197 Loading class java/util/concurrent/ConcurrentLinkedQueue$Node done
Event: 4.202 Loading class jdk/internal/ref/CleanerImpl$InnocuousThreadFactory
Event: 4.203 Loading class jdk/internal/ref/CleanerImpl$InnocuousThreadFactory done
Event: 4.217 Loading class sun/misc/Unsafe
Event: 4.219 Loading class sun/misc/Unsafe done
Event: 4.220 Loading class sun/misc/Unsafe$MemoryAccessOption
Event: 4.220 Loading class sun/misc/Unsafe$MemoryAccessOption done
Event: 4.284 Loading class java/nio/ShortBuffer
Event: 4.284 Loading class java/nio/ShortBuffer done
Event: 4.284 Loading class java/nio/DoubleBuffer
Event: 4.285 Loading class java/nio/DoubleBuffer done
Event: 4.285 Loading class java/nio/DirectFloatBufferU
Event: 4.285 Loading class java/nio/DirectFloatBufferU done
Event: 4.291 Loading class java/lang/FdLibm$Atan2
Event: 4.291 Loading class java/lang/FdLibm$Atan2 done
Event: 4.291 Loading class java/lang/FdLibm
Event: 4.291 Loading class java/lang/FdLibm done

Classes unloaded (0 events):
No events

Classes redefined (0 events):
No events

Internal exceptions (20 events):
Event: 2.697 Thread 0x0000024345e36220 Exception <a 'java/lang/ClassNotFoundException'{0x0000000089b21870}: com/sun/glass/ui/win/themes> (0x0000000089b21870) 
thrown [s\open\src\hotspot\share\prims\jni.cpp, line 539]
Event: 2.698 Thread 0x0000024345e36220 Exception <a 'java/lang/ClassNotFoundException'{0x0000000089b258e0}: com/sun/glass/ui/win/themes_es> (0x0000000089b258e0) 
thrown [s\open\src\hotspot\share\prims\jni.cpp, line 539]
Event: 2.699 Thread 0x0000024345e36220 Exception <a 'java/lang/ClassNotFoundException'{0x0000000089b31970}: com/sun/glass/ui/win/themes_es_MX> (0x0000000089b31970) 
thrown [s\open\src\hotspot\share\prims\jni.cpp, line 539]
Event: 3.174 Thread 0x0000024345e36220 Exception <a 'java/lang/NoSuchMethodError'{0x0000000089309108}: 'void java.lang.invoke.Invokers$Holder.invokeExact_MT(java.lang.Object, java.lang.Object, java.lang.Object, java.lang.Object)'> (0x0000000089309108) 
thrown [s\open\src\hotspot\share\interpreter\linkResolver.cpp, line 796]
Event: 3.206 Thread 0x0000024345e36220 Exception <a 'java/lang/NoSuchMethodError'{0x00000000893534b0}: 'double java.lang.invoke.DelegatingMethodHandle$Holder.reinvoke_L(java.lang.Object, java.lang.Object, int)'> (0x00000000893534b0) 
thrown [s\open\src\hotspot\share\interpreter\linkResolver.cpp, line 796]
Event: 3.211 Thread 0x0000024345e36220 Exception <a 'java/lang/NoSuchMethodError'{0x00000000893653c8}: 'java.lang.Object java.lang.invoke.DirectMethodHandle$Holder.invokeStatic(java.lang.Object, java.lang.Object, java.lang.Object, java.lang.Object, int)'> (0x00000000893653c8) 
thrown [s\open\src\hotspot\share\interpreter\linkResolver.cpp, line 796]
Event: 3.215 Thread 0x0000024345e36220 Exception <a 'java/lang/NoSuchMethodError'{0x00000000893705a8}: 'java.lang.Object java.lang.invoke.DelegatingMethodHandle$Holder.reinvoke_L(java.lang.Object, double, double, double, double)'> (0x00000000893705a8) 
thrown [s\open\src\hotspot\share\interpreter\linkResolver.cpp, line 796]
Event: 3.219 Thread 0x0000024345e36220 Exception <a 'java/lang/NoSuchMethodError'{0x000000008937b618}: 'java.lang.Object java.lang.invoke.DirectMethodHandle$Holder.invokeStatic(java.lang.Object, java.lang.Object, int)'> (0x000000008937b618) 
thrown [s\open\src\hotspot\share\interpreter\linkResolver.cpp, line 796]
Event: 3.220 Thread 0x0000024345e36220 Exception <a 'java/lang/NoSuchMethodError'{0x000000008937fdf0}: 'void java.lang.invoke.DirectMethodHandle$Holder.invokeStatic(java.lang.Object, java.lang.Object, int, java.lang.Object)'> (0x000000008937fdf0) 
thrown [s\open\src\hotspot\share\interpreter\linkResolver.cpp, line 796]
Event: 3.223 Thread 0x0000024345e36220 Exception <a 'java/lang/NoSuchMethodError'{0x0000000089386b90}: 'void java.lang.invoke.DelegatingMethodHandle$Holder.delegate(java.lang.Object, java.lang.Object, int, java.lang.Object)'> (0x0000000089386b90) 
thrown [s\open\src\hotspot\share\interpreter\linkResolver.cpp, line 796]
Event: 3.227 Thread 0x0000024345e36220 Exception <a 'java/lang/NoSuchMethodError'{0x000000008938fd48}: 'void java.lang.invoke.DirectMethodHandle$Holder.invokeSpecial(java.lang.Object, java.lang.Object, double)'> (0x000000008938fd48) 
thrown [s\open\src\hotspot\share\interpreter\linkResolver.cpp, line 796]
Event: 3.229 Thread 0x0000024345e36220 Exception <a 'java/lang/NoSuchMethodError'{0x0000000089397038}: 'void java.lang.invoke.DelegatingMethodHandle$Holder.reinvoke_L(java.lang.Object, java.lang.Object, double)'> (0x0000000089397038) 
thrown [s\open\src\hotspot\share\interpreter\linkResolver.cpp, line 796]
Event: 3.234 Thread 0x0000024345e36220 Exception <a 'java/lang/NoSuchMethodError'{0x00000000893a54e0}: 'void java.lang.invoke.DirectMethodHandle$Holder.invokeSpecial(java.lang.Object, java.lang.Object, int)'> (0x00000000893a54e0) 
thrown [s\open\src\hotspot\share\interpreter\linkResolver.cpp, line 796]
Event: 3.236 Thread 0x0000024345e36220 Exception <a 'java/lang/NoSuchMethodError'{0x00000000893aca70}: 'void java.lang.invoke.DelegatingMethodHandle$Holder.reinvoke_L(java.lang.Object, java.lang.Object, int)'> (0x00000000893aca70) 
thrown [s\open\src\hotspot\share\interpreter\linkResolver.cpp, line 796]
Event: 3.577 Thread 0x0000024345e36220 Implicit null exception at 0x0000024370d61956 to 0x0000024370d619fa
Event: 3.823 Thread 0x00000243461a34a0 Exception <a 'java/lang/NoSuchMethodError'{0x000000008a8fe338}: 'long java.lang.invoke.DirectMethodHandle$Holder.invokeVirtual(java.lang.Object, java.lang.Object)'> (0x000000008a8fe338) 
thrown [s\open\src\hotspot\share\interpreter\linkResolver.cpp, line 796]
Event: 3.823 Thread 0x00000243461a34a0 Exception <a 'java/lang/NoSuchMethodError'{0x000000008a7599c0}: 'long java.lang.invoke.DelegatingMethodHandle$Holder.reinvoke_L(java.lang.Object, java.lang.Object)'> (0x000000008a7599c0) 
thrown [s\open\src\hotspot\share\interpreter\linkResolver.cpp, line 796]
Event: 3.922 Thread 0x0000024345e36220 Exception <a 'java/lang/IncompatibleClassChangeError'{0x000000008a6cc490}: Found class java.lang.Object, but interface was expected> (0x000000008a6cc490) 
thrown [s\open\src\hotspot\share\interpreter\linkResolver.cpp, line 863]
Event: 4.001 Thread 0x0000024345e36220 Exception <a 'java/lang/NoSuchMethodError'{0x000000008a5be368}: 'int java.lang.invoke.DirectMethodHandle$Holder.invokeSpecial(java.lang.Object, java.lang.Object, int)'> (0x000000008a5be368) 
thrown [s\open\src\hotspot\share\interpreter\linkResolver.cpp, line 796]
Event: 4.035 Thread 0x0000024345e36220 Exception <a 'java/lang/NoSuchMethodError'{0x000000008a46a700}: 'java.lang.Object java.lang.invoke.DirectMethodHandle$Holder.newInvokeSpecial(java.lang.Object, java.lang.Object, int)'> (0x000000008a46a700) 
thrown [s\open\src\hotspot\share\interpreter\linkResolver.cpp, line 796]

VM Operations (20 events):
Event: 1.113 Executing VM operation: HandshakeAllThreads (Deoptimize)
Event: 1.113 Executing VM operation: HandshakeAllThreads (Deoptimize) done
Event: 1.191 Executing VM operation: G1CollectForAllocation (G1 Evacuation Pause)
Event: 1.207 Executing VM operation: G1CollectForAllocation (G1 Evacuation Pause) done
Event: 1.233 Executing VM operation: HandshakeAllThreads (Deoptimize)
Event: 1.233 Executing VM operation: HandshakeAllThreads (Deoptimize) done
Event: 1.287 Executing VM operation: HandshakeAllThreads (Deoptimize)
Event: 1.287 Executing VM operation: HandshakeAllThreads (Deoptimize) done
Event: 1.748 Executing VM operation: HandshakeAllThreads (Deoptimize)
Event: 1.748 Executing VM operation: HandshakeAllThreads (Deoptimize) done
Event: 1.992 Executing VM operation: HandshakeAllThreads (Deoptimize)
Event: 1.993 Executing VM operation: HandshakeAllThreads (Deoptimize) done
Event: 2.055 Executing VM operation: HandshakeAllThreads (Deoptimize)
Event: 2.055 Executing VM operation: HandshakeAllThreads (Deoptimize) done
Event: 2.112 Executing VM operation: G1CollectForAllocation (G1 Evacuation Pause)
Event: 2.120 Executing VM operation: G1CollectForAllocation (G1 Evacuation Pause) done
Event: 2.764 Executing VM operation: HandshakeAllThreads (Deoptimize)
Event: 2.764 Executing VM operation: HandshakeAllThreads (Deoptimize) done
Event: 3.733 Executing VM operation: G1CollectForAllocation (G1 Evacuation Pause)
Event: 3.743 Executing VM operation: G1CollectForAllocation (G1 Evacuation Pause) done

Memory protections (0 events):
No events

Nmethod flushes (0 events):
No events

Events (20 events):
Event: 0.847 Thread 0x000002437cf967c0 Thread added: 0x00000243452f5500
Event: 1.013 Thread 0x00000243452f5500 Thread exited: 0x00000243452f5500
Event: 1.045 Thread 0x000002437cfa3e20 Thread added: 0x000002434579b7f0
Event: 1.847 Thread 0x000002435e753cc0 Thread added: 0x00000243462777c0
Event: 1.884 Thread 0x000002437cf8ba40 Thread added: 0x0000024345e996b0
Event: 1.921 Thread 0x0000024345e996b0 Thread added: 0x00000243461a34a0
Event: 1.970 Thread 0x00000243461a34a0 Thread added: 0x0000024345e91d70
Event: 1.987 Thread 0x00000243461a34a0 Thread added: 0x0000024345b641b0
Event: 2.078 Thread 0x000002435e753cc0 Thread added: 0x0000024345e35bb0
Event: 2.086 Thread 0x000002435e753cc0 Thread added: 0x0000024345e36220
Event: 2.120 Thread 0x000002434579b7f0 Thread exited: 0x000002434579b7f0
Event: 2.245 Thread 0x0000024345908180 Thread added: 0x0000024345908180
Event: 2.247 Thread 0x000002435e753cc0 Thread added: 0x0000024345907af0
Event: 2.790 Thread 0x000002437cfa3e20 Thread added: 0x00000243461cc370
Event: 3.345 Thread 0x0000024345e36220 Thread added: 0x0000024345906dd0
Event: 3.407 Thread 0x00000243461cc370 Thread exited: 0x00000243461cc370
Event: 3.467 Thread 0x000002437cfa3e20 Thread added: 0x00000243466f2300
Event: 3.745 Thread 0x00000243466f2300 Thread exited: 0x00000243466f2300
Event: 3.995 Thread 0x000002437cfa3e20 Thread added: 0x00000243466f1c30
Event: 4.203 Thread 0x00000243462777c0 Thread added: 0x0000024345909530


Dynamic libraries:
0x00007ff648e70000 - 0x00007ff648e7e000 	C:\Users\Admin\.jdks\openjdk-23.0.2\bin\java.exe
0x00007ff9607a0000 - 0x00007ff960a06000 	C:\WINDOWS\SYSTEM32\ntdll.dll
0x00007ff95fb70000 - 0x00007ff95fc39000 	C:\WINDOWS\System32\KERNEL32.DLL
0x00007ff95dab0000 - 0x00007ff95de7c000 	C:\WINDOWS\System32\KERNELBASE.dll
0x00007ff95e1d0000 - 0x00007ff95e31b000 	C:\WINDOWS\System32\ucrtbase.dll
0x00007ff956420000 - 0x00007ff956437000 	C:\Users\Admin\.jdks\openjdk-23.0.2\bin\jli.dll
0x00007ff948210000 - 0x00007ff94822b000 	C:\Users\Admin\.jdks\openjdk-23.0.2\bin\VCRUNTIME140.dll
0x00007ff95fdd0000 - 0x00007ff95ff9a000 	C:\WINDOWS\System32\USER32.dll
0x00007ff949610000 - 0x00007ff9498aa000 	C:\WINDOWS\WinSxS\amd64_microsoft.windows.common-controls_6595b64144ccf1df_6.0.26100.3912_none_3e07963ce335137e\COMCTL32.dll
0x00007ff95da80000 - 0x00007ff95daa7000 	C:\WINDOWS\System32\win32u.dll
0x00007ff95e620000 - 0x00007ff95e6c9000 	C:\WINDOWS\System32\msvcrt.dll
0x00007ff95fd30000 - 0x00007ff95fd5b000 	C:\WINDOWS\System32\GDI32.dll
0x00007ff95e090000 - 0x00007ff95e1c2000 	C:\WINDOWS\System32\gdi32full.dll
0x00007ff95d9d0000 - 0x00007ff95da73000 	C:\WINDOWS\System32\msvcp_win.dll
0x00007ff95f1d0000 - 0x00007ff95f200000 	C:\WINDOWS\System32\IMM32.DLL
0x00007ff94d4b0000 - 0x00007ff94d4bc000 	C:\Users\Admin\.jdks\openjdk-23.0.2\bin\vcruntime140_1.dll
0x00007ff942550000 - 0x00007ff9425de000 	C:\Users\Admin\.jdks\openjdk-23.0.2\bin\msvcp140.dll
0x00007ff922420000 - 0x00007ff923170000 	C:\Users\Admin\.jdks\openjdk-23.0.2\bin\server\jvm.dll
0x00007ff95e560000 - 0x00007ff95e612000 	C:\WINDOWS\System32\ADVAPI32.dll
0x00007ff95f6a0000 - 0x00007ff95f746000 	C:\WINDOWS\System32\sechost.dll
0x00007ff960570000 - 0x00007ff960686000 	C:\WINDOWS\System32\RPCRT4.dll
0x00007ff95f850000 - 0x00007ff95f8c4000 	C:\WINDOWS\System32\WS2_32.dll
0x00007ff95d780000 - 0x00007ff95d7de000 	C:\WINDOWS\SYSTEM32\POWRPROF.dll
0x00007ff94f000000 - 0x00007ff94f00b000 	C:\WINDOWS\SYSTEM32\VERSION.dll
0x00007ff928a60000 - 0x00007ff928a96000 	C:\WINDOWS\SYSTEM32\WINMM.dll
0x00007ff95d760000 - 0x00007ff95d774000 	C:\WINDOWS\SYSTEM32\UMPDC.dll
0x00007ff95c6f0000 - 0x00007ff95c70a000 	C:\WINDOWS\SYSTEM32\kernel.appcore.dll
0x00007ff9487e0000 - 0x00007ff9487ea000 	C:\Users\Admin\.jdks\openjdk-23.0.2\bin\jimage.dll
0x00007ff95a850000 - 0x00007ff95aa91000 	C:\WINDOWS\SYSTEM32\DBGHELP.DLL
0x00007ff95ffa0000 - 0x00007ff960324000 	C:\WINDOWS\System32\combase.dll
0x00007ff95fc40000 - 0x00007ff95fd20000 	C:\WINDOWS\System32\OLEAUT32.dll
0x00007ff93d760000 - 0x00007ff93d799000 	C:\WINDOWS\SYSTEM32\dbgcore.DLL
0x00007ff95d930000 - 0x00007ff95d9c9000 	C:\WINDOWS\System32\bcryptPrimitives.dll
0x00007ff947eb0000 - 0x00007ff947ebf000 	C:\Users\Admin\.jdks\openjdk-23.0.2\bin\instrument.dll
0x00007ff947f50000 - 0x00007ff947f6e000 	C:\Users\Admin\.jdks\openjdk-23.0.2\bin\java.dll
0x00007ff95eeb0000 - 0x00007ff95f04f000 	C:\WINDOWS\System32\ole32.dll
0x00007ff95e6d0000 - 0x00007ff95edfd000 	C:\WINDOWS\System32\SHELL32.dll
0x00007ff95e3e0000 - 0x00007ff95e554000 	C:\WINDOWS\System32\wintypes.dll
0x00007ff95b5e0000 - 0x00007ff95be36000 	C:\WINDOWS\SYSTEM32\windows.storage.dll
0x00007ff960390000 - 0x00007ff96047f000 	C:\WINDOWS\System32\SHCORE.dll
0x00007ff95fd60000 - 0x00007ff95fdc9000 	C:\WINDOWS\System32\shlwapi.dll
0x00007ff95d840000 - 0x00007ff95d86f000 	C:\WINDOWS\SYSTEM32\profapi.dll
0x00007ff942160000 - 0x00007ff942237000 	C:\Users\Admin\.jdks\openjdk-23.0.2\bin\jsvml.dll
0x00007ff9487a0000 - 0x00007ff9487b0000 	C:\Users\Admin\.jdks\openjdk-23.0.2\bin\net.dll
0x00007ff95cc60000 - 0x00007ff95ccca000 	C:\WINDOWS\system32\mswsock.dll
0x00007ff947f30000 - 0x00007ff947f46000 	C:\Users\Admin\.jdks\openjdk-23.0.2\bin\nio.dll
0x00007ff947f10000 - 0x00007ff947f27000 	C:\Users\Admin\.jdks\openjdk-23.0.2\bin\zip.dll
0x00007ff941f60000 - 0x00007ff941f7a000 	C:\Program Files\JetBrains\IntelliJ IDEA 2024.3.2.2\bin\breakgen64.dll
0x0000024345c20000 - 0x0000024345c23000 	C:\Users\Admin\.openjfx\cache\17.0.6\api-ms-win-core-console-l1-1-0.dll
0x0000024345c30000 - 0x0000024345c33000 	C:\Users\Admin\.openjfx\cache\17.0.6\api-ms-win-core-console-l1-2-0.dll
0x0000024345c40000 - 0x0000024345c43000 	C:\Users\Admin\.openjfx\cache\17.0.6\api-ms-win-core-datetime-l1-1-0.dll
0x0000024345c50000 - 0x0000024345c53000 	C:\Users\Admin\.openjfx\cache\17.0.6\api-ms-win-core-debug-l1-1-0.dll
0x0000024345c60000 - 0x0000024345c63000 	C:\Users\Admin\.openjfx\cache\17.0.6\api-ms-win-core-errorhandling-l1-1-0.dll
0x0000024345c70000 - 0x0000024345c74000 	C:\Users\Admin\.openjfx\cache\17.0.6\api-ms-win-core-file-l1-1-0.dll
0x0000024345c80000 - 0x0000024345c83000 	C:\Users\Admin\.openjfx\cache\17.0.6\api-ms-win-core-file-l1-2-0.dll
0x0000024345c90000 - 0x0000024345c93000 	C:\Users\Admin\.openjfx\cache\17.0.6\api-ms-win-core-file-l2-1-0.dll
0x0000024345ca0000 - 0x0000024345ca3000 	C:\Users\Admin\.openjfx\cache\17.0.6\api-ms-win-core-handle-l1-1-0.dll
0x0000024345cb0000 - 0x0000024345cb3000 	C:\Users\Admin\.openjfx\cache\17.0.6\api-ms-win-core-heap-l1-1-0.dll
0x0000024345cc0000 - 0x0000024345cc3000 	C:\Users\Admin\.openjfx\cache\17.0.6\api-ms-win-core-interlocked-l1-1-0.dll
0x0000024345cd0000 - 0x0000024345cd3000 	C:\Users\Admin\.openjfx\cache\17.0.6\api-ms-win-core-libraryloader-l1-1-0.dll
0x0000024345ce0000 - 0x0000024345ce3000 	C:\Users\Admin\.openjfx\cache\17.0.6\api-ms-win-core-localization-l1-2-0.dll
0x0000024345cf0000 - 0x0000024345cf3000 	C:\Users\Admin\.openjfx\cache\17.0.6\api-ms-win-core-memory-l1-1-0.dll
0x0000024345d00000 - 0x0000024345d03000 	C:\Users\Admin\.openjfx\cache\17.0.6\api-ms-win-core-namedpipe-l1-1-0.dll
0x0000024345d10000 - 0x0000024345d13000 	C:\Users\Admin\.openjfx\cache\17.0.6\api-ms-win-core-processenvironment-l1-1-0.dll
0x0000024345d20000 - 0x0000024345d23000 	C:\Users\Admin\.openjfx\cache\17.0.6\api-ms-win-core-processthreads-l1-1-0.dll
0x0000024345d30000 - 0x0000024345d33000 	C:\Users\Admin\.openjfx\cache\17.0.6\api-ms-win-core-processthreads-l1-1-1.dll
0x0000024345d40000 - 0x0000024345d43000 	C:\Users\Admin\.openjfx\cache\17.0.6\api-ms-win-core-profile-l1-1-0.dll
0x0000024345d50000 - 0x0000024345d53000 	C:\Users\Admin\.openjfx\cache\17.0.6\api-ms-win-core-rtlsupport-l1-1-0.dll
0x0000024345d60000 - 0x0000024345d63000 	C:\Users\Admin\.openjfx\cache\17.0.6\api-ms-win-core-string-l1-1-0.dll
0x0000024345d70000 - 0x0000024345d73000 	C:\Users\Admin\.openjfx\cache\17.0.6\api-ms-win-core-synch-l1-1-0.dll
0x0000024345d80000 - 0x0000024345d83000 	C:\Users\Admin\.openjfx\cache\17.0.6\api-ms-win-core-synch-l1-2-0.dll
0x0000024345d90000 - 0x0000024345d93000 	C:\Users\Admin\.openjfx\cache\17.0.6\api-ms-win-core-sysinfo-l1-1-0.dll
0x0000024345da0000 - 0x0000024345da3000 	C:\Users\Admin\.openjfx\cache\17.0.6\api-ms-win-core-timezone-l1-1-0.dll
0x0000024345dd0000 - 0x0000024345dd3000 	C:\Users\Admin\.openjfx\cache\17.0.6\api-ms-win-core-util-l1-1-0.dll
0x0000024345de0000 - 0x0000024345de3000 	C:\Users\Admin\.openjfx\cache\17.0.6\api-ms-win-crt-conio-l1-1-0.dll
0x0000024345db0000 - 0x0000024345db4000 	C:\Users\Admin\.openjfx\cache\17.0.6\api-ms-win-crt-convert-l1-1-0.dll
0x0000024345dc0000 - 0x0000024345dc3000 	C:\Users\Admin\.openjfx\cache\17.0.6\api-ms-win-crt-environment-l1-1-0.dll
0x0000024346dc0000 - 0x0000024346dc3000 	C:\Users\Admin\.openjfx\cache\17.0.6\api-ms-win-crt-filesystem-l1-1-0.dll
0x00007ff95c220000 - 0x00007ff95c347000 	C:\WINDOWS\SYSTEM32\DNSAPI.dll
0x00007ff95c180000 - 0x00007ff95c1b3000 	C:\WINDOWS\SYSTEM32\IPHLPAPI.DLL
0x00007ff95f8d0000 - 0x00007ff95f8da000 	C:\WINDOWS\System32\NSI.dll
0x0000024347110000 - 0x0000024347113000 	C:\Users\Admin\.openjfx\cache\17.0.6\api-ms-win-crt-heap-l1-1-0.dll
0x00007ff94e2c0000 - 0x00007ff94e2cb000 	C:\Windows\System32\rasadhlp.dll
0x00007ff94dd50000 - 0x00007ff94ddd6000 	C:\WINDOWS\System32\fwpuclnt.dll
0x0000024347120000 - 0x0000024347123000 	C:\Users\Admin\.openjfx\cache\17.0.6\api-ms-win-crt-locale-l1-1-0.dll
0x00007ff947cf0000 - 0x00007ff947cfa000 	C:\Users\Admin\.jdks\openjdk-23.0.2\bin\management.dll
0x0000024347130000 - 0x0000024347135000 	C:\Users\Admin\.openjfx\cache\17.0.6\api-ms-win-crt-math-l1-1-0.dll
0x0000024347140000 - 0x0000024347145000 	C:\Users\Admin\.openjfx\cache\17.0.6\api-ms-win-crt-multibyte-l1-1-0.dll
0x00007ff945ab0000 - 0x00007ff945abb000 	C:\Users\Admin\.jdks\openjdk-23.0.2\bin\management_ext.dll
0x00007ff960330000 - 0x00007ff960338000 	C:\WINDOWS\System32\PSAPI.DLL
0x0000024347150000 - 0x0000024347160000 	C:\Users\Admin\.openjfx\cache\17.0.6\api-ms-win-crt-private-l1-1-0.dll
0x0000024347160000 - 0x0000024347163000 	C:\Users\Admin\.openjfx\cache\17.0.6\api-ms-win-crt-process-l1-1-0.dll
0x0000024347170000 - 0x0000024347174000 	C:\Users\Admin\.openjfx\cache\17.0.6\api-ms-win-crt-runtime-l1-1-0.dll
0x0000024347180000 - 0x0000024347184000 	C:\Users\Admin\.openjfx\cache\17.0.6\api-ms-win-crt-stdio-l1-1-0.dll
0x0000024347190000 - 0x0000024347194000 	C:\Users\Admin\.openjfx\cache\17.0.6\api-ms-win-crt-string-l1-1-0.dll
0x00000243471a0000 - 0x00000243471a3000 	C:\Users\Admin\.openjfx\cache\17.0.6\api-ms-win-crt-time-l1-1-0.dll
0x00000243471b0000 - 0x00000243471b3000 	C:\Users\Admin\.openjfx\cache\17.0.6\api-ms-win-crt-utility-l1-1-0.dll
0x00007ff921240000 - 0x00007ff92133c000 	C:\Users\Admin\.openjfx\cache\17.0.6\ucrtbase.dll
0x00007ff941dc0000 - 0x00007ff941dda000 	C:\Users\Admin\.openjfx\cache\17.0.6\vcruntime140.dll
0x00007ff944cf0000 - 0x00007ff944cfc000 	C:\Users\Admin\.openjfx\cache\17.0.6\vcruntime140_1.dll
0x00007ff930a00000 - 0x00007ff930a8d000 	C:\Users\Admin\.openjfx\cache\17.0.6\msvcp140.dll
0x00007ff944670000 - 0x00007ff944679000 	C:\Users\Admin\.openjfx\cache\17.0.6\msvcp140_1.dll
0x00007ff93c3b0000 - 0x00007ff93c3df000 	C:\Users\Admin\.openjfx\cache\17.0.6\msvcp140_2.dll
0x00007ff95cf00000 - 0x00007ff95cf1c000 	C:\WINDOWS\SYSTEM32\CRYPTSP.dll
0x00007ff95c650000 - 0x00007ff95c68a000 	C:\WINDOWS\system32\rsaenh.dll
0x00007ff95cd00000 - 0x00007ff95cd2b000 	C:\WINDOWS\SYSTEM32\USERENV.dll
0x00007ff95d810000 - 0x00007ff95d836000 	C:\WINDOWS\SYSTEM32\bcrypt.dll
0x00007ff95cf20000 - 0x00007ff95cf2c000 	C:\WINDOWS\SYSTEM32\CRYPTBASE.dll
0x00007ff8f44c0000 - 0x00007ff8f44d8000 	C:\WINDOWS\system32\napinsp.dll
0x00007ff8f44a0000 - 0x00007ff8f44b2000 	C:\WINDOWS\System32\winrnr.dll
0x00007ff8f4460000 - 0x00007ff8f4490000 	C:\WINDOWS\system32\nlansp_c.dll
0x00007ff94e140000 - 0x00007ff94e160000 	C:\WINDOWS\system32\wshbth.dll
0x00007ff93c380000 - 0x00007ff93c3aa000 	C:\Users\Admin\.openjfx\cache\17.0.6\prism_d3d.dll
0x00007ff8f8d20000 - 0x00007ff8f8ed5000 	C:\WINDOWS\system32\d3d9.dll
0x00007ff95aef0000 - 0x00007ff95af26000 	C:\WINDOWS\SYSTEM32\dwmapi.dll
0x00007ff95af30000 - 0x00007ff95af77000 	C:\WINDOWS\SYSTEM32\dxcore.dll
0x00007ff95aac0000 - 0x00007ff95ab6f000 	C:\WINDOWS\system32\uxtheme.dll
0x00007ff930b20000 - 0x00007ff930c83000 	C:\WINDOWS\System32\DriverStore\FileRepository\iigd_dch.inf_amd64_e9b40d45ab4dc6b8\igdumdim64.dll
0x00007ff8b7ab0000 - 0x00007ff8bb4b4000 	C:\WINDOWS\System32\DriverStore\FileRepository\iigd_dch.inf_amd64_e9b40d45ab4dc6b8\igd9dxva64.dll
0x00007ff95f210000 - 0x00007ff95f696000 	C:\WINDOWS\System32\SETUPAPI.dll
0x00007ff95d480000 - 0x00007ff95d4d7000 	C:\WINDOWS\SYSTEM32\cfgmgr32.dll
0x00007ff952ad0000 - 0x00007ff952d0f000 	C:\WINDOWS\System32\DriverStore\FileRepository\iigd_dch.inf_amd64_e9b40d45ab4dc6b8\igdgmm64.dll
0x00007ff95ad00000 - 0x00007ff95ad60000 	C:\WINDOWS\SYSTEM32\directxdatabasehelper.dll
0x00007ff940610000 - 0x00007ff94065e000 	C:\WINDOWS\SYSTEM32\pdh.dll
0x00007ff931010000 - 0x00007ff931052000 	C:\Users\Admin\.openjfx\cache\17.0.6\glass.dll
0x00007ff95f750000 - 0x00007ff95f844000 	C:\WINDOWS\System32\COMDLG32.dll
0x00007ff95f060000 - 0x00007ff95f1bf000 	C:\WINDOWS\System32\MSCTF.dll
0x00007ff8dbbf0000 - 0x00007ff8dbc17000 	C:\WINDOWS\System32\DriverStore\FileRepository\iigd_dch.inf_amd64_e9b40d45ab4dc6b8\igdinfo64.dll

dbghelp: loaded successfully - version: 4.0.5 - missing functions: none
symbol engine: initialized successfully - sym options: 0x614 - pdb path: .;C:\Users\Admin\.jdks\openjdk-23.0.2\bin;C:\WINDOWS\SYSTEM32;C:\WINDOWS\WinSxS\amd64_microsoft.windows.common-controls_6595b64144ccf1df_6.0.26100.3912_none_3e07963ce335137e;C:\Users\Admin\.jdks\openjdk-23.0.2\bin\server;C:\Program Files\JetBrains\IntelliJ IDEA 2024.3.2.2\bin;C:\Users\Admin\.openjfx\cache\17.0.6;C:\WINDOWS\System32\DriverStore\FileRepository\iigd_dch.inf_amd64_e9b40d45ab4dc6b8;C:\Program Files\Common Files\Microsoft Shared\Ink

VM Arguments:
jvm_args: -javaagent:C:\Program Files\JetBrains\IntelliJ IDEA 2024.3.2.2\lib\idea_rt.jar=54478:C:\Program Files\JetBrains\IntelliJ IDEA 2024.3.2.2\bin -Dfile.encoding=UTF-8 -Dsun.stdout.encoding=UTF-8 -Dsun.stderr.encoding=UTF-8 --module-path=C:\Users\Admin\.m2\repository\org\openjfx\javafx-graphics\17.0.6\javafx-graphics-17.0.6-win.jar;C:\Users\Admin\.m2\repository\org\openjfx\javafx-base\17.0.6\javafx-base-17.0.6-win.jar;C:\Users\Admin\.m2\repository\org\openjfx\javafx-fxml\17.0.6\javafx-fxml-17.0.6-win.jar;D:\Programacion 1\ProyectoFX\target\classes;C:\Users\Admin\.m2\repository\org\openjfx\javafx-controls\17.0.6\javafx-controls-17.0.6-win.jar -Djdk.module.main=org.example.proyectofx 
java_command: org.example.proyectofx/org.example.proyectofx.App
java_class_path (initial): C:\Users\Admin\.m2\repository\org\openjfx\javafx-controls\17.0.6\javafx-controls-17.0.6.jar;C:\Users\Admin\.m2\repository\org\openjfx\javafx-graphics\17.0.6\javafx-graphics-17.0.6.jar;C:\Users\Admin\.m2\repository\org\openjfx\javafx-base\17.0.6\javafx-base-17.0.6.jar;C:\Users\Admin\.m2\repository\org\openjfx\javafx-fxml\17.0.6\javafx-fxml-17.0.6.jar
Launcher Type: SUN_STANDARD

[Global flags]
     intx CICompilerCount                          = 3                                         {product} {ergonomic}
     uint ConcGCThreads                            = 1                                         {product} {ergonomic}
     uint G1ConcRefinementThreads                  = 4                                         {product} {ergonomic}
   size_t G1HeapRegionSize                         = 1048576                                   {product} {ergonomic}
   size_t InitialHeapSize                          = 132120576                                 {product} {ergonomic}
   size_t MarkStackSize                            = 4194304                                   {product} {ergonomic}
   size_t MarkStackSizeMax                         = 536870912                                 {product} {ergonomic}
   size_t MaxHeapSize                              = 2101346304                                {product} {ergonomic}
   size_t MaxNewSize                               = 1260388352                                {product} {ergonomic}
   size_t MinHeapDeltaBytes                        = 1048576                                   {product} {ergonomic}
   size_t MinHeapSize                              = 8388608                                   {product} {ergonomic}
    uintx NonNMethodCodeHeapSize                   = 5832704                                {pd product} {ergonomic}
    uintx NonProfiledCodeHeapSize                  = 122945536                              {pd product} {ergonomic}
    uintx ProfiledCodeHeapSize                     = 122880000                              {pd product} {ergonomic}
    uintx ReservedCodeCacheSize                    = 251658240                              {pd product} {ergonomic}
     bool SegmentedCodeCache                       = true                                      {product} {ergonomic}
   size_t SoftMaxHeapSize                          = 2101346304                             {manageable} {ergonomic}
     bool UseCompressedOops                        = true                           {product lp64_product} {ergonomic}
     bool UseG1GC                                  = true                                      {product} {ergonomic}
     bool UseLargePagesIndividualAllocation        = false                                  {pd product} {ergonomic}

Logging:
Log output configuration:
 #0: stdout all=warning uptime,level,tags foldmultilines=false
 #1: stderr all=off uptime,level,tags foldmultilines=false

Environment Variables:
PATH=C:\Program Files\Common Files\Oracle\Java\javapath;C:\Program Files (x86)\Common Files\Oracle\Java\java8path;C:\Program Files (x86)\Common Files\Oracle\Java\javapath;C:\WINDOWS\system32;C:\WINDOWS;C:\WINDOWS\System32\Wbem;C:\WINDOWS\System32\WindowsPowerShell\v1.0\;C:\WINDOWS\System32\OpenSSH\;C:\Program Files\Git\cmd;C:\Users\Admin\AppData\Local\Microsoft\WindowsApps;C:\Program Files\JetBrains\IntelliJ IDEA 2024.3.2.2\bin;;C:\Users\Admin\AppData\Local\GitHubDesktop\bin
USERNAME=Admin
OS=Windows_NT
PROCESSOR_IDENTIFIER=Intel64 Family 6 Model 122 Stepping 1, GenuineIntel
TMP=C:\Users\Admin\AppData\Local\Temp
TEMP=C:\Users\Admin\AppData\Local\Temp




Periodic native trim disabled

---------------  S Y S T E M  ---------------

OS:
 Windows 11 , 64 bit Build 26100 (10.0.26100.3912)
OS uptime: 0 days 13:30 hours

CPU: total 4 (initial active 4) (4 cores per cpu, 1 threads per core) family 6 model 122 stepping 1 microcode 0x34, cx8, cmov, fxsr, mmx, 3dnowpref, sse, sse2, sse3, ssse3, sse4.1, sse4.2, popcnt, tsc, tscinvbit, aes, erms, clmul, sha, clflush, clflushopt, rdtscp, rdpid
Processor Information for the first 4 processors :
  Max Mhz: 1101, Current Mhz: 1101, Mhz Limit: 1101

Memory: 4k page, system-wide physical 8014M (1076M free)
TotalPageFile size 13957M (AvailPageFile size 5M)
current process WorkingSet (physical memory assigned to process): 202M, peak: 204M
current process commit charge ("private bytes"): 309M, peak: 310M

vm_info: OpenJDK 64-Bit Server VM (23.0.2+7-58) for windows-amd64 JRE (23.0.2+7-58), built on 2024-11-29T09:34:55Z with MS VC++ 17.6 (VS2022)

END.
